<?xml version="1.0" encoding="UTF-8"?>
<testsuite xmlns:xsi="http://www.w3.org/2001/XMLSchema-instance" xsi:noNamespaceSchemaLocation="https://maven.apache.org/surefire/maven-surefire-plugin/xsd/surefire-test-report-3.0.xsd" version="3.0" name="com.miempresa.vehiculosapi.service.VehicleServiceImplTest" time="0.095" tests="3" errors="0" skipped="0" failures="0">
  <properties>
[...]
</properties>
  <testcase name="createVehicle_shouldPersistAndReturnDto" classname="com.miempresa.vehiculosapi.service.VehicleServiceImplTest" time="0.083"/>
  <testcase name="getVehicleById_shouldReturnDto_whenVehicleExists" classname="com.miempresa.vehiculosapi.service.VehicleServiceImplTest" time="0.002"/>
  <testcase name="getVehicleById_shouldThrowException_whenVehicleNotFound" classname="com.miempresa.vehiculosapi.service.VehicleServiceImplTest" time="0.003"/>
</testsuite>