<?xml version="1.0" encoding="UTF-8"?>
<testsuite xmlns:xsi="http://www.w3.org/2001/XMLSchema-instance" xsi:noNamespaceSchemaLocation="https://maven.apache.org/surefire/maven-surefire-plugin/xsd/surefire-test-report-3.0.xsd" version="3.0" name="com.miempresa.vehiculosapi.controller.VehicleControllerIntegrationTest" time="3.827" tests="2" errors="0" skipped="0" failures="0">
  <properties>
[...]
</properties>
  <testcase name="shouldReturnVehiclesList" classname="com.miempresa.vehiculosapi.controller.VehicleControllerIntegrationTest" time="0.225">
    <system-out><![CDATA[18:36:18.484 [main] INFO org.springframework.test.context.support.AnnotationConfigContextLoaderUtils -- Could not detect default configuration classes for test class [com.miempresa.vehiculosapi.controller.VehicleControllerIntegrationTest]: VehicleControllerIntegrationTest does not declare any static, non-private, non-final, nested classes annotated with @Configuration.
18:36:18.610 [main] INFO org.springframework.boot.test.context.SpringBootTestContextBootstrapper -- Found @SpringBootConfiguration com.miempresa.vehiculosapi.VehiculosApiApplication for test class com.miempresa.vehiculosapi.controller.VehicleControllerIntegrationTest

  .   ____          _            __ _ _
 /\\ / ___'_ __ _ _(_)_ __  __ _ \ \ \ \
( ( )\___ | '_ | '_| | '_ \/ _` | \ \ \ \
 \\/  ___)| |_)| | | | | || (_| |  ) ) ) )
  '  |____| .__|_| |_|_| |_\__, | / / / /
 =========|_|==============|___/=/_/_/_/

 :: Spring Boot ::                (v3.3.5)

2025-11-19T18:36:18.975-05:00  INFO 17364 --- [vehiculos-api] [           main] c.m.v.c.VehicleControllerIntegrationTest : Starting VehicleControllerIntegrationTest using Java 25 with PID 17364 (started by ACER NITRO 5 in D:\DISEÑO DE SOFTWARE\evaluacionSpringboot\vehiculos-api)
2025-11-19T18:36:18.976-05:00 DEBUG 17364 --- [vehiculos-api] [           main] c.m.v.c.VehicleControllerIntegrationTest : Running with Spring Boot v3.3.5, Spring v6.1.14
2025-11-19T18:36:18.977-05:00  INFO 17364 --- [vehiculos-api] [           main] c.m.v.c.VehicleControllerIntegrationTest : No active profile set, falling back to 1 default profile: "default"
2025-11-19T18:36:19.640-05:00  INFO 17364 --- [vehiculos-api] [           main] .s.d.r.c.RepositoryConfigurationDelegate : Bootstrapping Spring Data MongoDB repositories in DEFAULT mode.
2025-11-19T18:36:19.693-05:00  INFO 17364 --- [vehiculos-api] [           main] .s.d.r.c.RepositoryConfigurationDelegate : Finished Spring Data repository scanning in 49 ms. Found 1 MongoDB repository interface.
2025-11-19T18:36:21.521-05:00  INFO 17364 --- [vehiculos-api] [           main] org.mongodb.driver.client                : MongoClient with metadata {"application": {"name": "inventario"}, "driver": {"name": "mongo-java-driver|sync|spring-boot", "version": "5.0.1"}, "os": {"type": "Windows", "name": "Windows 11", "architecture": "amd64", "version": "10.0"}, "platform": "Java/Eclipse Adoptium/25+36-LTS"} created with settings MongoClientSettings{readPreference=primary, writeConcern=WriteConcern{w=majority, wTimeout=null ms, journal=null}, retryWrites=true, retryReads=true, readConcern=ReadConcern{level=null}, credential=MongoCredential{mechanism=null, userName='vehiculos_user', source='admin', password=<hidden>, mechanismProperties=<hidden>}, transportSettings=null, commandListeners=[], codecRegistry=ProvidersCodecRegistry{codecProviders=[ValueCodecProvider{}, BsonValueCodecProvider{}, DBRefCodecProvider{}, DBObjectCodecProvider{}, DocumentCodecProvider{}, CollectionCodecProvider{}, IterableCodecProvider{}, MapCodecProvider{}, GeoJsonCodecProvider{}, GridFSFileCodecProvider{}, Jsr310CodecProvider{}, JsonObjectCodecProvider{}, BsonCodecProvider{}, EnumCodecProvider{}, com.mongodb.client.model.mql.ExpressionCodecProvider@5b88af70, com.mongodb.Jep395RecordCodecProvider@2739ecc0, com.mongodb.KotlinCodecProvider@2932e15f]}, loggerSettings=LoggerSettings{maxDocumentLength=1000}, clusterSettings={hosts=[127.0.0.1:27017], srvHost=inventario.e3nkimy.mongodb.net, srvServiceName=mongodb, mode=MULTIPLE, requiredClusterType=REPLICA_SET, requiredReplicaSetName='atlas-9gcfy5-shard-0', serverSelector='null', clusterListeners='[]', serverSelectionTimeout='30000 ms', localThreshold='15 ms'}, socketSettings=SocketSettings{connectTimeoutMS=10000, readTimeoutMS=0, receiveBufferSize=0, proxySettings=ProxySettings{host=null, port=null, username=null, password=null}}, heartbeatSocketSettings=SocketSettings{connectTimeoutMS=10000, readTimeoutMS=10000, receiveBufferSize=0, proxySettings=ProxySettings{host=null, port=null, username=null, password=null}}, connectionPoolSettings=ConnectionPoolSettings{maxSize=100, minSize=0, maxWaitTimeMS=120000, maxConnectionLifeTimeMS=0, maxConnectionIdleTimeMS=0, maintenanceInitialDelayMS=0, maintenanceFrequencyMS=60000, connectionPoolListeners=[], maxConnecting=2}, serverSettings=ServerSettings{heartbeatFrequencyMS=10000, minHeartbeatFrequencyMS=500, serverListeners='[]', serverMonitorListeners='[]'}, sslSettings=SslSettings{enabled=true, invalidHostNameAllowed=false, context=null}, applicationName='inventario', compressorList=[], uuidRepresentation=JAVA_LEGACY, serverApi=null, autoEncryptionSettings=null, dnsClient=null, inetAddressResolver=null, contextProvider=null}
2025-11-19T18:36:21.731-05:00  INFO 17364 --- [vehiculos-api] [imy.mongodb.net] org.mongodb.driver.cluster               : Adding discovered server ac-qgg0hvo-shard-00-00.e3nkimy.mongodb.net:27017 to client view of cluster
2025-11-19T18:36:21.757-05:00  INFO 17364 --- [vehiculos-api] [imy.mongodb.net] org.mongodb.driver.cluster               : Adding discovered server ac-qgg0hvo-shard-00-01.e3nkimy.mongodb.net:27017 to client view of cluster
2025-11-19T18:36:21.759-05:00  INFO 17364 --- [vehiculos-api] [imy.mongodb.net] org.mongodb.driver.cluster               : Adding discovered server ac-qgg0hvo-shard-00-02.e3nkimy.mongodb.net:27017 to client view of cluster
2025-11-19T18:36:21.815-05:00  INFO 17364 --- [vehiculos-api] [           main] o.s.b.t.m.w.SpringBootMockServletContext : Initializing Spring TestDispatcherServlet ''
2025-11-19T18:36:21.815-05:00  INFO 17364 --- [vehiculos-api] [           main] o.s.t.web.servlet.TestDispatcherServlet  : Initializing Servlet ''
2025-11-19T18:36:21.819-05:00  INFO 17364 --- [vehiculos-api] [           main] o.s.t.web.servlet.TestDispatcherServlet  : Completed initialization in 2 ms
2025-11-19T18:36:21.863-05:00  INFO 17364 --- [vehiculos-api] [           main] c.m.v.c.VehicleControllerIntegrationTest : Started VehicleControllerIntegrationTest in 3.147 seconds (process running for 3.99)
]]></system-out>
    <system-err><![CDATA[WARNING: A Java agent has been loaded dynamically (C:\Users\ACER NITRO 5\.m2\repository\net\bytebuddy\byte-buddy-agent\1.14.19\byte-buddy-agent-1.14.19.jar)
WARNING: If a serviceability tool is in use, please run with -XX:+EnableDynamicAgentLoading to hide this warning
WARNING: If a serviceability tool is not in use, please run with -Djdk.instrument.traceUsage for more information
WARNING: Dynamic loading of agents will be disallowed by default in a future release
]]></system-err>
  </testcase>
  <testcase name="shouldCreateVehicle" classname="com.miempresa.vehiculosapi.controller.VehicleControllerIntegrationTest" time="0.061"/>
</testsuite>